<?xml version="1.0" encoding="UTF-8"?>
<!-- Generated by org.testng.reporters.JUnitReportReporter -->
<testsuite skipped="0" hostname="phaninders-mbp.mynet" name="test_maven.com.myappium.playground.AppTest" tests="1" failures="0" timestamp="21 Oct 2018 17:26:09 GMT" time="8.511" errors="0">
  <testcase name="test" time="8.511" classname="test_maven.com.myappium.playground.AppTest"/>
</testsuite> <!-- test_maven.com.myappium.playground.AppTest -->
